2026-01-08 09:25:27,676 =============================================================
2026-01-08 09:25:27,676 =============================================================
2026-01-08 09:25:27,677 Today is 2026-01-08 at 09:25 AM
2026-01-08 09:25:27,832 This file is running on: nt Windows 11
2026-01-08 09:25:27,834 The Python version is: 3.12.0
2026-01-08 09:25:27,834 The active conda environment is:  None
2026-01-08 09:25:27,834 The active pip environment is:    None
2026-01-08 09:25:27,834 The active environment path is:   C:\Users\user\AppData\Local\Programs\Python\Python312
2026-01-08 09:25:27,835 The current working directory is: C:\Users\user\Downloads\datafun-03-datatypes-main (1)\datafun-03-datatypes-main
2026-01-08 09:25:27,835 This source file is in:           c:\Users\user\Downloads\datafun-03-datatypes-main (1)\datafun-03-datatypes-main
2026-01-08 09:25:27,835 =============================================================
2026-01-08 09:25:27,836 =============================================================
2026-01-08 09:25:27,836 Calling functions from main block
2026-01-08 09:25:27,836 tupleA = (1, 2, 3, 4, 5)
2026-01-08 09:25:27,836 tupleB = (4, 5, 6, 7, 8)
2026-01-08 09:25:27,837 tupleA = (1, 2, 3, 4, 5)
2026-01-08 09:25:27,837 tupleB = (4, 5, 6, 7, 8)
2026-01-08 09:25:27,837 tupleCat = (1, 2, 3, 4, 5, 4, 5, 6, 7, 8)
2026-01-08 09:25:27,837 tupleAThrice = (1, 2, 3, 4, 5, 1, 2, 3, 4, 5, 1, 2, 3, 4, 5)
2026-01-08 09:25:27,837 Quotient: 3, Remainder: 1
2026-01-08 09:25:27,838 setA = {1, 2, 3, 4, 5}
2026-01-08 09:25:27,838 setB = {4, 5, 6, 7, 8}
2026-01-08 09:25:27,838 dogA_dict = {'name': 'Rex', 'age': 2, 'weight_kg': 13.4}
2026-01-08 09:25:27,838 dogB_dict = {'name': 'Fido', 'age': 3, 'weight_kg': 15.2}
2026-01-08 09:25:27,839 assessment_dict = {'low': 0, 'medium': 1, 'high': 2}
2026-01-08 09:25:27,839 data_dict = {'name': ['Alice', 'Bob', 'Charlie', 'David'], 'age': [25, 30, 35, 40], 'income': [50000, 60000, 70000, 80000]}
2026-01-08 09:25:27,839 Word count is a good way to begin processing text.
2026-01-08 09:25:27,839 Given text_simple.txt, the word_counts_dict = {'One': 1, 'fish': 3, 'two': 1, 'red': 1, 'blue': 1, 'fish.': 1}
2026-01-08 09:25:27,840 Given text_simple.txt and comprehensions,
2026-01-08 09:25:27,840 the the word_counts_dict2 = {'One': 1, 'fish': 3, 'two': 1, 'red': 1, 'blue': 1, 'fish.': 1}
2026-01-08 09:25:27,840 Add more logging statements to the code to see what happens.
2026-01-08 09:25:27,840 Explore enough to understand.
2026-01-08 09:25:27,840 Apply these skills to your own topic domain.
